Reading netlist file: "D:\datos\GitHub\MSXmapper_tn9k\fpga\impl\gwsynthesis\19_T_Mapper_MSX.vg"
Parsing netlist file "D:\datos\GitHub\MSXmapper_tn9k\fpga\impl\gwsynthesis\19_T_Mapper_MSX.vg" completed
Processing netlist completed
Reading constraint file: "D:\datos\GitHub\MSXmapper_tn9k\fpga\tang9k.cst"
Physical Constraint parsed completed
Running placement......
[10%] Placement Phase 0 completed
[20%] Placement Phase 1 completed
[30%] Placement Phase 2 completed
[50%] Placement Phase 3 completed
Running routing......
[60%] Routing Phase 0 completed
[70%] Routing Phase 1 completed
[80%] Routing Phase 2 completed
[90%] Routing Phase 3 completed
Running timing analysis......
[95%] Timing analysis completed
Placement and routing completed
Bitstream generation in progress......
Bitstream generation completed
Running power analysis......
[100%] Power analysis completed
Generate file "D:\datos\GitHub\MSXmapper_tn9k\fpga\impl\pnr\19_T_Mapper_MSX.power.html" completed
Generate file "D:\datos\GitHub\MSXmapper_tn9k\fpga\impl\pnr\19_T_Mapper_MSX.pin.html" completed
Generate file "D:\datos\GitHub\MSXmapper_tn9k\fpga\impl\pnr\19_T_Mapper_MSX.rpt.html" completed
Generate file "D:\datos\GitHub\MSXmapper_tn9k\fpga\impl\pnr\19_T_Mapper_MSX.rpt.txt" completed
Generate file "D:\datos\GitHub\MSXmapper_tn9k\fpga\impl\pnr\19_T_Mapper_MSX.tr.html" completed
Sun Jun 25 09:19:49 2023

