Reading netlist file: "D:\datos\proyectos\42_Tang_Nano_9k\30_T_Mapper_MSX_nuevas_tang\impl\gwsynthesis\T_Mapper_MSX.vg"
Parsing netlist file "D:\datos\proyectos\42_Tang_Nano_9k\30_T_Mapper_MSX_nuevas_tang\impl\gwsynthesis\T_Mapper_MSX.vg" completed
Processing netlist completed
Reading constraint file: "D:\datos\proyectos\42_Tang_Nano_9k\30_T_Mapper_MSX_nuevas_tang\tang9k.cst"
Physical Constraint parsed completed
Running placement......
[10%] Placement Phase 0 completed
[20%] Placement Phase 1 completed
[30%] Placement Phase 2 completed
[50%] Placement Phase 3 completed
Running routing......
[60%] Routing Phase 0 completed
[70%] Routing Phase 1 completed
[80%] Routing Phase 2 completed
[90%] Routing Phase 3 completed
Running timing analysis......
[95%] Timing analysis completed
Placement and routing completed
Bitstream generation in progress......
Bitstream generation completed
Running power analysis......
[100%] Power analysis completed
Generate file "D:\datos\proyectos\42_Tang_Nano_9k\30_T_Mapper_MSX_nuevas_tang\impl\pnr\T_Mapper_MSX.power.html" completed
Generate file "D:\datos\proyectos\42_Tang_Nano_9k\30_T_Mapper_MSX_nuevas_tang\impl\pnr\T_Mapper_MSX.pin.html" completed
Generate file "D:\datos\proyectos\42_Tang_Nano_9k\30_T_Mapper_MSX_nuevas_tang\impl\pnr\T_Mapper_MSX.rpt.html" completed
Generate file "D:\datos\proyectos\42_Tang_Nano_9k\30_T_Mapper_MSX_nuevas_tang\impl\pnr\T_Mapper_MSX.rpt.txt" completed
Generate file "D:\datos\proyectos\42_Tang_Nano_9k\30_T_Mapper_MSX_nuevas_tang\impl\pnr\T_Mapper_MSX.tr.html" completed
Mon Jul 10 12:33:30 2023

